2018.08.01 at 16:26:44 CST INFO  org.springframework.boot.StartupInfoLogger logStarting() @48 - Starting Application on DESKTOP-1H6DBVK with PID 64216 (D:\githubspace\elasticsearch-quick\target\classes started by vector in D:\githubspace\elasticsearch-quick)
2018.08.01 at 16:26:44 CST INFO  org.springframework.boot.SpringApplication logStartupProfileInfo() @593 - No active profile set, falling back to default profiles: default
2018.08.01 at 16:26:44 CST INFO  org.springframework.context.support.AbstractApplicationContext prepareRefresh() @583 - Refreshing org.springframework.boot.context.embedded.AnnotationConfigEmbeddedWebApplicationContext@3f1d2e23: startup date [Wed Aug 01 16:26:44 CST 2018]; root of context hierarchy
2018.08.01 at 16:26:46 CST INFO  org.springframework.boot.context.embedded.tomcat.TomcatEmbeddedServletContainer initialize() @89 - Tomcat initialized with port(s): 6325 (http)
2018.08.01 at 16:26:46 CST INFO  org.apache.juli.logging.DirectJDKLog log() @180 - Starting service [Tomcat]
2018.08.01 at 16:26:46 CST INFO  org.apache.juli.logging.DirectJDKLog log() @180 - Starting Servlet Engine: Apache Tomcat/8.5.27
2018.08.01 at 16:26:46 CST INFO  org.apache.juli.logging.DirectJDKLog log() @180 - Initializing Spring embedded WebApplicationContext
2018.08.01 at 16:26:46 CST INFO  org.springframework.boot.context.embedded.EmbeddedWebApplicationContext prepareEmbeddedWebApplicationContext() @276 - Root WebApplicationContext: initialization completed in 2161 ms
2018.08.01 at 16:26:46 CST INFO  org.springframework.boot.web.servlet.ServletRegistrationBean onStartup() @190 - Mapping servlet: 'dispatcherServlet' to [/]
2018.08.01 at 16:26:46 CST INFO  org.springframework.boot.web.servlet.AbstractFilterRegistrationBean configure() @258 - Mapping filter: 'characterEncodingFilter' to: [/*]
2018.08.01 at 16:26:46 CST INFO  org.springframework.boot.web.servlet.AbstractFilterRegistrationBean configure() @258 - Mapping filter: 'hiddenHttpMethodFilter' to: [/*]
2018.08.01 at 16:26:46 CST INFO  org.springframework.boot.web.servlet.AbstractFilterRegistrationBean configure() @258 - Mapping filter: 'httpPutFormContentFilter' to: [/*]
2018.08.01 at 16:26:46 CST INFO  org.springframework.boot.web.servlet.AbstractFilterRegistrationBean configure() @258 - Mapping filter: 'requestContextFilter' to: [/*]
2018.08.01 at 16:26:46 CST INFO  io.searchbox.client.AbstractJestClient setServers() @56 - Setting server pool to a list of 1 servers: [http://120.55.168.18:8828]
2018.08.01 at 16:26:46 CST INFO  io.searchbox.client.JestClientFactory getConnectionManager() @223 - Using multi thread/connection supporting pooling connection manager
2018.08.01 at 16:26:47 CST INFO  io.searchbox.client.JestClientFactory getObject() @71 - Using custom GSON instance
2018.08.01 at 16:26:47 CST INFO  io.searchbox.client.JestClientFactory getObject() @86 - Node Discovery disabled...
2018.08.01 at 16:26:47 CST INFO  io.searchbox.client.JestClientFactory getObject() @98 - Idle connection reaping disabled...
2018.08.01 at 16:26:47 CST INFO  org.springframework.web.servlet.mvc.method.annotation.RequestMappingHandlerAdapter initControllerAdviceCache() @534 - Looking for @ControllerAdvice: org.springframework.boot.context.embedded.AnnotationConfigEmbeddedWebApplicationContext@3f1d2e23: startup date [Wed Aug 01 16:26:44 CST 2018]; root of context hierarchy
2018.08.01 at 16:26:47 CST INFO  org.springframework.web.servlet.handler.AbstractHandlerMethodMapping$MappingRegistry register() @543 - Mapped "{[/recipes/search],methods=[GET]}" onto public java.lang.String com.quick.es.controller.RecipesController.search(java.lang.String)
2018.08.01 at 16:26:47 CST INFO  org.springframework.web.servlet.handler.AbstractHandlerMethodMapping$MappingRegistry register() @543 - Mapped "{[/error]}" onto public org.springframework.http.ResponseEntity<java.util.Map<java.lang.String, java.lang.Object>> org.springframework.boot.autoconfigure.web.BasicErrorController.error(javax.servlet.http.HttpServletRequest)
2018.08.01 at 16:26:47 CST INFO  org.springframework.web.servlet.handler.AbstractHandlerMethodMapping$MappingRegistry register() @543 - Mapped "{[/error],produces=[text/html]}" onto public org.springframework.web.servlet.ModelAndView org.springframework.boot.autoconfigure.web.BasicErrorController.errorHtml(javax.servlet.http.HttpServletRequest,javax.servlet.http.HttpServletResponse)
2018.08.01 at 16:26:47 CST INFO  org.springframework.web.servlet.handler.AbstractUrlHandlerMapping registerHandler() @362 - Mapped URL path [/webjars/**] onto handler of type [class org.springframework.web.servlet.resource.ResourceHttpRequestHandler]
2018.08.01 at 16:26:47 CST INFO  org.springframework.web.servlet.handler.AbstractUrlHandlerMapping registerHandler() @362 - Mapped URL path [/**] onto handler of type [class org.springframework.web.servlet.resource.ResourceHttpRequestHandler]
2018.08.01 at 16:26:47 CST INFO  org.springframework.web.servlet.handler.AbstractUrlHandlerMapping registerHandler() @362 - Mapped URL path [/**/favicon.ico] onto handler of type [class org.springframework.web.servlet.resource.ResourceHttpRequestHandler]
2018.08.01 at 16:26:48 CST INFO  org.elasticsearch.node.Node <init>() @149 - [Master Man] version[2.4.6], pid[64216], build[5376dca/2017-07-18T12:17:44Z]
2018.08.01 at 16:26:48 CST INFO  org.elasticsearch.node.Node <init>() @151 - [Master Man] initializing ...
2018.08.01 at 16:26:48 CST INFO  org.elasticsearch.plugins.PluginsService <init>() @180 - [Master Man] modules [], plugins [], sites []
2018.08.01 at 16:26:48 CST INFO  org.elasticsearch.env.NodeEnvironment maybeLogPathDetails() @290 - [Master Man] using [1] data paths, mounts [[新加卷 (D:)]], net usable_space [8.6gb], net total_space [32.8gb], spins? [unknown], types [NTFS]
2018.08.01 at 16:26:48 CST INFO  org.elasticsearch.env.NodeEnvironment maybeLogHeapDetails() @305 - [Master Man] heap size [3.5gb], compressed ordinary object pointers [true]
2018.08.01 at 16:26:50 CST INFO  org.elasticsearch.node.Node <init>() @225 - [Master Man] initialized
2018.08.01 at 16:26:50 CST INFO  org.elasticsearch.node.Node start() @251 - [Master Man] starting ...
2018.08.01 at 16:26:50 CST INFO  org.elasticsearch.transport.TransportService doStart() @184 - [Master Man] publish_address {local[1]}, bound_addresses {local[1]}
2018.08.01 at 16:26:50 CST INFO  org.elasticsearch.discovery.DiscoveryService doStart() @86 - [Master Man] elasticsearch/V8SNq5eHTtSMHCjpW_WhqA
2018.08.01 at 16:26:50 CST INFO  org.elasticsearch.cluster.service.InternalClusterService runTasksForExecutor() @592 - [Master Man] new_master {Master Man}{V8SNq5eHTtSMHCjpW_WhqA}{local}{local[1]}{local=true}, reason: local-disco-initial_connect(master)
2018.08.01 at 16:26:50 CST INFO  org.elasticsearch.node.Node start() @300 - [Master Man] started
2018.08.01 at 16:26:50 CST INFO  org.elasticsearch.gateway.GatewayService$GatewayRecoveryListener$1 clusterStateProcessed() @268 - [Master Man] recovered [0] indices into cluster_state
2018.08.01 at 16:26:50 CST INFO  org.springframework.jmx.export.MBeanExporter afterSingletonsInstantiated() @431 - Registering beans for JMX exposure on startup
2018.08.01 at 16:26:50 CST INFO  org.springframework.boot.context.embedded.tomcat.TomcatEmbeddedServletContainer start() @201 - Tomcat started on port(s): 6325 (http)
2018.08.01 at 16:26:50 CST INFO  com.quick.es.service.impl.RecipesServiceImpl createIndex() @42 - create index resp: {"acknowledged":true,"shards_acknowledged":true}
2018.08.01 at 16:26:50 CST INFO  com.quick.es.service.impl.RecipesServiceImpl createIndexMapping() @55 - source:{"item": {"properties": {"name": {"type": "text"}, "rating": {"type": "float"}, "type": {"type": "keyword"} } } }
2018.08.01 at 16:26:51 CST INFO  com.quick.es.service.impl.RecipesServiceImpl createIndexMapping() @59 - createIndexMapping resp: {"acknowledged":true}
2018.08.01 at 16:26:51 CST INFO  com.quick.es.service.impl.RecipesServiceImpl bulkInsert() @159 - bulkInsert resp: {"took":46,"errors":false,"items":[{"index":{"_index":"recipes","_type":"item","_id":"AWT0mMTvQySWxc3lobIW","_version":1,"result":"created","_shards":{"total":2,"successful":1,"failed":0},"created":true,"status":201}},{"index":{"_index":"recipes","_type":"item","_id":"AWT0mMTvQySWxc3lobIX","_version":1,"result":"created","_shards":{"total":2,"successful":1,"failed":0},"created":true,"status":201}},{"index":{"_index":"recipes","_type":"item","_id":"AWT0mMTvQySWxc3lobIY","_version":1,"result":"created","_shards":{"total":2,"successful":1,"failed":0},"created":true,"status":201}},{"index":{"_index":"recipes","_type":"item","_id":"AWT0mMTvQySWxc3lobIZ","_version":1,"result":"created","_shards":{"total":2,"successful":1,"failed":0},"created":true,"status":201}},{"index":{"_index":"recipes","_type":"item","_id":"AWT0mMTvQySWxc3lobIa","_version":1,"result":"created","_shards":{"total":2,"successful":1,"failed":0},"created":true,"status":201}},{"index":{"_index":"recipes","_type":"item","_id":"AWT0mMTvQySWxc3lobIb","_version":1,"result":"created","_shards":{"total":2,"successful":1,"failed":0},"created":true,"status":201}},{"index":{"_index":"recipes","_type":"item","_id":"AWT0mMTvQySWxc3lobIc","_version":1,"result":"created","_shards":{"total":2,"successful":1,"failed":0},"created":true,"status":201}},{"index":{"_index":"recipes","_type":"item","_id":"AWT0mMTvQySWxc3lobId","_version":1,"result":"created","_shards":{"total":2,"successful":1,"failed":0},"created":true,"status":201}},{"index":{"_index":"recipes","_type":"item","_id":"AWT0mMTvQySWxc3lobIe","_version":1,"result":"created","_shards":{"total":2,"successful":1,"failed":0},"created":true,"status":201}},{"index":{"_index":"recipes","_type":"item","_id":"AWT0mMTvQySWxc3lobIf","_version":1,"result":"created","_shards":{"total":2,"successful":1,"failed":0},"created":true,"status":201}}]}
2018.08.01 at 16:26:51 CST INFO  org.springframework.boot.StartupInfoLogger logStarted() @57 - Started Application in 7.707 seconds (JVM running for 8.792)
2018.08.01 at 16:29:05 CST INFO  org.apache.juli.logging.DirectJDKLog log() @180 - Initializing Spring FrameworkServlet 'dispatcherServlet'
2018.08.01 at 16:29:05 CST INFO  org.springframework.web.servlet.FrameworkServlet initServletBean() @489 - FrameworkServlet 'dispatcherServlet': initialization started
2018.08.01 at 16:29:05 CST INFO  org.springframework.web.servlet.FrameworkServlet initServletBean() @508 - FrameworkServlet 'dispatcherServlet': initialization completed in 20 ms
2018.08.01 at 16:31:59 CST INFO  org.springframework.boot.StartupInfoLogger logStarting() @48 - Starting Application on DESKTOP-1H6DBVK with PID 8704 (D:\githubspace\elasticsearch-quick\target\classes started by vector in D:\githubspace\elasticsearch-quick)
2018.08.01 at 16:31:59 CST INFO  org.springframework.boot.SpringApplication logStartupProfileInfo() @593 - No active profile set, falling back to default profiles: default
2018.08.01 at 16:31:59 CST INFO  org.springframework.context.support.AbstractApplicationContext prepareRefresh() @583 - Refreshing org.springframework.boot.context.embedded.AnnotationConfigEmbeddedWebApplicationContext@3f1d2e23: startup date [Wed Aug 01 16:31:59 CST 2018]; root of context hierarchy
2018.08.01 at 16:32:01 CST INFO  org.springframework.boot.context.embedded.tomcat.TomcatEmbeddedServletContainer initialize() @89 - Tomcat initialized with port(s): 6325 (http)
2018.08.01 at 16:32:01 CST INFO  org.apache.juli.logging.DirectJDKLog log() @180 - Starting service [Tomcat]
2018.08.01 at 16:32:01 CST INFO  org.apache.juli.logging.DirectJDKLog log() @180 - Starting Servlet Engine: Apache Tomcat/8.5.27
2018.08.01 at 16:32:01 CST INFO  org.apache.juli.logging.DirectJDKLog log() @180 - Initializing Spring embedded WebApplicationContext
2018.08.01 at 16:32:01 CST INFO  org.springframework.boot.context.embedded.EmbeddedWebApplicationContext prepareEmbeddedWebApplicationContext() @276 - Root WebApplicationContext: initialization completed in 1839 ms
2018.08.01 at 16:32:01 CST INFO  org.springframework.boot.web.servlet.ServletRegistrationBean onStartup() @190 - Mapping servlet: 'dispatcherServlet' to [/]
2018.08.01 at 16:32:01 CST INFO  org.springframework.boot.web.servlet.AbstractFilterRegistrationBean configure() @258 - Mapping filter: 'characterEncodingFilter' to: [/*]
2018.08.01 at 16:32:01 CST INFO  org.springframework.boot.web.servlet.AbstractFilterRegistrationBean configure() @258 - Mapping filter: 'hiddenHttpMethodFilter' to: [/*]
2018.08.01 at 16:32:01 CST INFO  org.springframework.boot.web.servlet.AbstractFilterRegistrationBean configure() @258 - Mapping filter: 'httpPutFormContentFilter' to: [/*]
2018.08.01 at 16:32:01 CST INFO  org.springframework.boot.web.servlet.AbstractFilterRegistrationBean configure() @258 - Mapping filter: 'requestContextFilter' to: [/*]
2018.08.01 at 16:32:02 CST INFO  io.searchbox.client.AbstractJestClient setServers() @56 - Setting server pool to a list of 1 servers: [http://120.55.168.18:8828]
2018.08.01 at 16:32:02 CST INFO  io.searchbox.client.JestClientFactory getConnectionManager() @223 - Using multi thread/connection supporting pooling connection manager
2018.08.01 at 16:32:02 CST INFO  io.searchbox.client.JestClientFactory getObject() @71 - Using custom GSON instance
2018.08.01 at 16:32:02 CST INFO  io.searchbox.client.JestClientFactory getObject() @86 - Node Discovery disabled...
2018.08.01 at 16:32:02 CST INFO  io.searchbox.client.JestClientFactory getObject() @98 - Idle connection reaping disabled...
2018.08.01 at 16:32:03 CST INFO  org.springframework.web.servlet.mvc.method.annotation.RequestMappingHandlerAdapter initControllerAdviceCache() @534 - Looking for @ControllerAdvice: org.springframework.boot.context.embedded.AnnotationConfigEmbeddedWebApplicationContext@3f1d2e23: startup date [Wed Aug 01 16:31:59 CST 2018]; root of context hierarchy
2018.08.01 at 16:32:03 CST INFO  org.springframework.web.servlet.handler.AbstractHandlerMethodMapping$MappingRegistry register() @543 - Mapped "{[/recipes/search],methods=[GET]}" onto public java.lang.String com.quick.es.controller.RecipesController.search(java.lang.String)
2018.08.01 at 16:32:03 CST INFO  org.springframework.web.servlet.handler.AbstractHandlerMethodMapping$MappingRegistry register() @543 - Mapped "{[/error]}" onto public org.springframework.http.ResponseEntity<java.util.Map<java.lang.String, java.lang.Object>> org.springframework.boot.autoconfigure.web.BasicErrorController.error(javax.servlet.http.HttpServletRequest)
2018.08.01 at 16:32:03 CST INFO  org.springframework.web.servlet.handler.AbstractHandlerMethodMapping$MappingRegistry register() @543 - Mapped "{[/error],produces=[text/html]}" onto public org.springframework.web.servlet.ModelAndView org.springframework.boot.autoconfigure.web.BasicErrorController.errorHtml(javax.servlet.http.HttpServletRequest,javax.servlet.http.HttpServletResponse)
2018.08.01 at 16:32:03 CST INFO  org.springframework.web.servlet.handler.AbstractUrlHandlerMapping registerHandler() @362 - Mapped URL path [/webjars/**] onto handler of type [class org.springframework.web.servlet.resource.ResourceHttpRequestHandler]
2018.08.01 at 16:32:03 CST INFO  org.springframework.web.servlet.handler.AbstractUrlHandlerMapping registerHandler() @362 - Mapped URL path [/**] onto handler of type [class org.springframework.web.servlet.resource.ResourceHttpRequestHandler]
2018.08.01 at 16:32:03 CST INFO  org.springframework.web.servlet.handler.AbstractUrlHandlerMapping registerHandler() @362 - Mapped URL path [/**/favicon.ico] onto handler of type [class org.springframework.web.servlet.resource.ResourceHttpRequestHandler]
2018.08.01 at 16:32:03 CST INFO  org.elasticsearch.node.Node <init>() @149 - [Darkdevil] version[2.4.6], pid[8704], build[5376dca/2017-07-18T12:17:44Z]
2018.08.01 at 16:32:03 CST INFO  org.elasticsearch.node.Node <init>() @151 - [Darkdevil] initializing ...
2018.08.01 at 16:32:03 CST INFO  org.elasticsearch.plugins.PluginsService <init>() @180 - [Darkdevil] modules [], plugins [], sites []
2018.08.01 at 16:32:03 CST INFO  org.elasticsearch.env.NodeEnvironment maybeLogPathDetails() @290 - [Darkdevil] using [1] data paths, mounts [[新加卷 (D:)]], net usable_space [8.6gb], net total_space [32.8gb], spins? [unknown], types [NTFS]
2018.08.01 at 16:32:03 CST INFO  org.elasticsearch.env.NodeEnvironment maybeLogHeapDetails() @305 - [Darkdevil] heap size [3.5gb], compressed ordinary object pointers [true]
2018.08.01 at 16:32:05 CST INFO  org.elasticsearch.node.Node <init>() @225 - [Darkdevil] initialized
2018.08.01 at 16:32:05 CST INFO  org.elasticsearch.node.Node start() @251 - [Darkdevil] starting ...
2018.08.01 at 16:32:05 CST INFO  org.elasticsearch.transport.TransportService doStart() @184 - [Darkdevil] publish_address {local[1]}, bound_addresses {local[1]}
2018.08.01 at 16:32:05 CST INFO  org.elasticsearch.discovery.DiscoveryService doStart() @86 - [Darkdevil] elasticsearch/JjH-8OJJR6WNwEheKaePPQ
2018.08.01 at 16:32:05 CST INFO  org.elasticsearch.cluster.service.InternalClusterService runTasksForExecutor() @592 - [Darkdevil] new_master {Darkdevil}{JjH-8OJJR6WNwEheKaePPQ}{local}{local[1]}{local=true}, reason: local-disco-initial_connect(master)
2018.08.01 at 16:32:06 CST INFO  org.elasticsearch.node.Node start() @300 - [Darkdevil] started
2018.08.01 at 16:32:06 CST INFO  org.elasticsearch.gateway.GatewayService$GatewayRecoveryListener$1 clusterStateProcessed() @268 - [Darkdevil] recovered [0] indices into cluster_state
2018.08.01 at 16:32:06 CST INFO  org.springframework.jmx.export.MBeanExporter afterSingletonsInstantiated() @431 - Registering beans for JMX exposure on startup
2018.08.01 at 16:32:06 CST INFO  org.springframework.boot.context.embedded.tomcat.TomcatEmbeddedServletContainer start() @201 - Tomcat started on port(s): 6325 (http)
2018.08.01 at 16:32:06 CST INFO  com.quick.es.service.impl.RecipesServiceImpl createIndex() @42 - create index resp: {"error":{"root_cause":[{"type":"index_already_exists_exception","reason":"index [recipes/NNoWpoyxTWizVl7QWAGhEg] already exists","index_uuid":"NNoWpoyxTWizVl7QWAGhEg","index":"recipes"}],"type":"index_already_exists_exception","reason":"index [recipes/NNoWpoyxTWizVl7QWAGhEg] already exists","index_uuid":"NNoWpoyxTWizVl7QWAGhEg","index":"recipes"},"status":400}
2018.08.01 at 16:32:06 CST INFO  com.quick.es.service.impl.RecipesServiceImpl createIndexMapping() @55 - source:{"item": {"properties": {"name": {"type": "text"}, "rating": {"type": "float"}, "type": {"type": "keyword"} } } }
2018.08.01 at 16:32:06 CST INFO  com.quick.es.service.impl.RecipesServiceImpl createIndexMapping() @59 - createIndexMapping resp: {"acknowledged":true}
2018.08.01 at 16:32:06 CST INFO  com.quick.es.service.impl.RecipesServiceImpl insert() @92 - insert:{"_index":"recipes","_type":"item","_id":"AWT0nZUSQySWxc3lobIk","_version":1,"result":"created","_shards":{"total":2,"successful":1,"failed":0},"created":true}
2018.08.01 at 16:32:06 CST INFO  com.quick.es.service.impl.RecipesServiceImpl insert() @94 - insert:{"_index":"recipes","_type":"item","_id":"AWT0nZVFQySWxc3lobIl","_version":1,"result":"created","_shards":{"total":2,"successful":1,"failed":0},"created":true}
2018.08.01 at 16:32:06 CST INFO  com.quick.es.service.impl.RecipesServiceImpl insert() @96 - insert:{"_index":"recipes","_type":"item","_id":"AWT0nZVvQySWxc3lobIm","_version":1,"result":"created","_shards":{"total":2,"successful":1,"failed":0},"created":true}
2018.08.01 at 16:32:06 CST INFO  com.quick.es.service.impl.RecipesServiceImpl insert() @98 - insert:{"_index":"recipes","_type":"item","_id":"AWT0nZWXQySWxc3lobIn","_version":1,"result":"created","_shards":{"total":2,"successful":1,"failed":0},"created":true}
2018.08.01 at 16:32:06 CST INFO  com.quick.es.service.impl.RecipesServiceImpl insert() @100 - insert:{"_index":"recipes","_type":"item","_id":"AWT0nZXBQySWxc3lobIo","_version":1,"result":"created","_shards":{"total":2,"successful":1,"failed":0},"created":true}
2018.08.01 at 16:32:06 CST INFO  com.quick.es.service.impl.RecipesServiceImpl insert() @102 - insert:{"_index":"recipes","_type":"item","_id":"AWT0nZXrQySWxc3lobIp","_version":1,"result":"created","_shards":{"total":2,"successful":1,"failed":0},"created":true}
2018.08.01 at 16:32:06 CST INFO  com.quick.es.service.impl.RecipesServiceImpl insert() @104 - insert:{"_index":"recipes","_type":"item","_id":"AWT0nZYVQySWxc3lobIq","_version":1,"result":"created","_shards":{"total":2,"successful":1,"failed":0},"created":true}
2018.08.01 at 16:32:06 CST INFO  com.quick.es.service.impl.RecipesServiceImpl insert() @106 - insert:{"_index":"recipes","_type":"item","_id":"AWT0nZY-QySWxc3lobIr","_version":1,"result":"created","_shards":{"total":2,"successful":1,"failed":0},"created":true}
2018.08.01 at 16:32:06 CST INFO  com.quick.es.service.impl.RecipesServiceImpl insert() @108 - insert:{"_index":"recipes","_type":"item","_id":"AWT0nZZpQySWxc3lobIs","_version":1,"result":"created","_shards":{"total":2,"successful":1,"failed":0},"created":true}
2018.08.01 at 16:32:06 CST INFO  com.quick.es.service.impl.RecipesServiceImpl insert() @110 - insert:{"_index":"recipes","_type":"item","_id":"AWT0nZaXQySWxc3lobIt","_version":1,"result":"created","_shards":{"total":2,"successful":1,"failed":0},"created":true}
2018.08.01 at 16:32:06 CST INFO  org.springframework.boot.StartupInfoLogger logStarted() @57 - Started Application in 7.803 seconds (JVM running for 8.921)
2018.08.01 at 16:34:04 CST INFO  org.springframework.boot.StartupInfoLogger logStarting() @48 - Starting Application on DESKTOP-1H6DBVK with PID 62616 (D:\githubspace\elasticsearch-quick\target\classes started by vector in D:\githubspace\elasticsearch-quick)
2018.08.01 at 16:34:04 CST INFO  org.springframework.boot.SpringApplication logStartupProfileInfo() @593 - No active profile set, falling back to default profiles: default
2018.08.01 at 16:34:04 CST INFO  org.springframework.context.support.AbstractApplicationContext prepareRefresh() @583 - Refreshing org.springframework.boot.context.embedded.AnnotationConfigEmbeddedWebApplicationContext@3f1d2e23: startup date [Wed Aug 01 16:34:04 CST 2018]; root of context hierarchy
2018.08.01 at 16:34:05 CST INFO  org.springframework.boot.context.embedded.tomcat.TomcatEmbeddedServletContainer initialize() @89 - Tomcat initialized with port(s): 6325 (http)
2018.08.01 at 16:34:05 CST INFO  org.apache.juli.logging.DirectJDKLog log() @180 - Starting service [Tomcat]
2018.08.01 at 16:34:05 CST INFO  org.apache.juli.logging.DirectJDKLog log() @180 - Starting Servlet Engine: Apache Tomcat/8.5.27
2018.08.01 at 16:34:06 CST INFO  org.apache.juli.logging.DirectJDKLog log() @180 - Initializing Spring embedded WebApplicationContext
2018.08.01 at 16:34:06 CST INFO  org.springframework.boot.context.embedded.EmbeddedWebApplicationContext prepareEmbeddedWebApplicationContext() @276 - Root WebApplicationContext: initialization completed in 1985 ms
2018.08.01 at 16:34:06 CST INFO  org.springframework.boot.web.servlet.ServletRegistrationBean onStartup() @190 - Mapping servlet: 'dispatcherServlet' to [/]
2018.08.01 at 16:34:06 CST INFO  org.springframework.boot.web.servlet.AbstractFilterRegistrationBean configure() @258 - Mapping filter: 'characterEncodingFilter' to: [/*]
2018.08.01 at 16:34:06 CST INFO  org.springframework.boot.web.servlet.AbstractFilterRegistrationBean configure() @258 - Mapping filter: 'hiddenHttpMethodFilter' to: [/*]
2018.08.01 at 16:34:06 CST INFO  org.springframework.boot.web.servlet.AbstractFilterRegistrationBean configure() @258 - Mapping filter: 'httpPutFormContentFilter' to: [/*]
2018.08.01 at 16:34:06 CST INFO  org.springframework.boot.web.servlet.AbstractFilterRegistrationBean configure() @258 - Mapping filter: 'requestContextFilter' to: [/*]
2018.08.01 at 16:34:06 CST INFO  io.searchbox.client.AbstractJestClient setServers() @56 - Setting server pool to a list of 1 servers: [http://120.55.168.18:8828]
2018.08.01 at 16:34:06 CST INFO  io.searchbox.client.JestClientFactory getConnectionManager() @223 - Using multi thread/connection supporting pooling connection manager
2018.08.01 at 16:34:06 CST INFO  io.searchbox.client.JestClientFactory getObject() @71 - Using custom GSON instance
2018.08.01 at 16:34:06 CST INFO  io.searchbox.client.JestClientFactory getObject() @86 - Node Discovery disabled...
2018.08.01 at 16:34:06 CST INFO  io.searchbox.client.JestClientFactory getObject() @98 - Idle connection reaping disabled...
2018.08.01 at 16:34:07 CST INFO  org.springframework.web.servlet.mvc.method.annotation.RequestMappingHandlerAdapter initControllerAdviceCache() @534 - Looking for @ControllerAdvice: org.springframework.boot.context.embedded.AnnotationConfigEmbeddedWebApplicationContext@3f1d2e23: startup date [Wed Aug 01 16:34:04 CST 2018]; root of context hierarchy
2018.08.01 at 16:34:07 CST INFO  org.springframework.web.servlet.handler.AbstractHandlerMethodMapping$MappingRegistry register() @543 - Mapped "{[/recipes/search],methods=[GET]}" onto public java.lang.String com.quick.es.controller.RecipesController.search(java.lang.String)
2018.08.01 at 16:34:07 CST INFO  org.springframework.web.servlet.handler.AbstractHandlerMethodMapping$MappingRegistry register() @543 - Mapped "{[/error]}" onto public org.springframework.http.ResponseEntity<java.util.Map<java.lang.String, java.lang.Object>> org.springframework.boot.autoconfigure.web.BasicErrorController.error(javax.servlet.http.HttpServletRequest)
2018.08.01 at 16:34:07 CST INFO  org.springframework.web.servlet.handler.AbstractHandlerMethodMapping$MappingRegistry register() @543 - Mapped "{[/error],produces=[text/html]}" onto public org.springframework.web.servlet.ModelAndView org.springframework.boot.autoconfigure.web.BasicErrorController.errorHtml(javax.servlet.http.HttpServletRequest,javax.servlet.http.HttpServletResponse)
2018.08.01 at 16:34:07 CST INFO  org.springframework.web.servlet.handler.AbstractUrlHandlerMapping registerHandler() @362 - Mapped URL path [/webjars/**] onto handler of type [class org.springframework.web.servlet.resource.ResourceHttpRequestHandler]
2018.08.01 at 16:34:07 CST INFO  org.springframework.web.servlet.handler.AbstractUrlHandlerMapping registerHandler() @362 - Mapped URL path [/**] onto handler of type [class org.springframework.web.servlet.resource.ResourceHttpRequestHandler]
2018.08.01 at 16:34:07 CST INFO  org.springframework.web.servlet.handler.AbstractUrlHandlerMapping registerHandler() @362 - Mapped URL path [/**/favicon.ico] onto handler of type [class org.springframework.web.servlet.resource.ResourceHttpRequestHandler]
2018.08.01 at 16:34:07 CST INFO  org.elasticsearch.node.Node <init>() @149 - [Puck] version[2.4.6], pid[62616], build[5376dca/2017-07-18T12:17:44Z]
2018.08.01 at 16:34:07 CST INFO  org.elasticsearch.node.Node <init>() @151 - [Puck] initializing ...
2018.08.01 at 16:34:07 CST INFO  org.elasticsearch.plugins.PluginsService <init>() @180 - [Puck] modules [], plugins [], sites []
2018.08.01 at 16:34:07 CST INFO  org.elasticsearch.env.NodeEnvironment maybeLogPathDetails() @290 - [Puck] using [1] data paths, mounts [[新加卷 (D:)]], net usable_space [8.6gb], net total_space [32.8gb], spins? [unknown], types [NTFS]
2018.08.01 at 16:34:07 CST INFO  org.elasticsearch.env.NodeEnvironment maybeLogHeapDetails() @305 - [Puck] heap size [3.5gb], compressed ordinary object pointers [true]
2018.08.01 at 16:34:09 CST INFO  org.elasticsearch.node.Node <init>() @225 - [Puck] initialized
2018.08.01 at 16:34:09 CST INFO  org.elasticsearch.node.Node start() @251 - [Puck] starting ...
2018.08.01 at 16:34:09 CST INFO  org.elasticsearch.transport.TransportService doStart() @184 - [Puck] publish_address {local[1]}, bound_addresses {local[1]}
2018.08.01 at 16:34:09 CST INFO  org.elasticsearch.discovery.DiscoveryService doStart() @86 - [Puck] elasticsearch/icXjnQWdShaSTywwIUvLng
2018.08.01 at 16:34:09 CST INFO  org.elasticsearch.cluster.service.InternalClusterService runTasksForExecutor() @592 - [Puck] new_master {Puck}{icXjnQWdShaSTywwIUvLng}{local}{local[1]}{local=true}, reason: local-disco-initial_connect(master)
2018.08.01 at 16:34:09 CST INFO  org.elasticsearch.node.Node start() @300 - [Puck] started
2018.08.01 at 16:34:09 CST INFO  org.elasticsearch.gateway.GatewayService$GatewayRecoveryListener$1 clusterStateProcessed() @268 - [Puck] recovered [0] indices into cluster_state
2018.08.01 at 16:34:10 CST INFO  org.springframework.jmx.export.MBeanExporter afterSingletonsInstantiated() @431 - Registering beans for JMX exposure on startup
2018.08.01 at 16:34:10 CST INFO  org.springframework.boot.context.embedded.tomcat.TomcatEmbeddedServletContainer start() @201 - Tomcat started on port(s): 6325 (http)
2018.08.01 at 16:34:10 CST INFO  com.quick.es.service.impl.RecipesServiceImpl createIndex() @42 - create index resp: {"acknowledged":true,"shards_acknowledged":true}
2018.08.01 at 16:34:10 CST INFO  com.quick.es.service.impl.RecipesServiceImpl createIndexMapping() @55 - source:{"item": {"properties": {"name": {"type": "text"}, "rating": {"type": "float"}, "type": {"type": "keyword"} } } }
2018.08.01 at 16:34:10 CST INFO  com.quick.es.service.impl.RecipesServiceImpl createIndexMapping() @59 - createIndexMapping resp: {"acknowledged":true}
2018.08.01 at 16:34:10 CST INFO  com.quick.es.service.impl.RecipesServiceImpl insert() @92 - insert:{"_index":"recipes","_type":"item","_id":"0","_version":1,"result":"created","_shards":{"total":2,"successful":1,"failed":0},"created":true}
2018.08.01 at 16:34:10 CST INFO  com.quick.es.service.impl.RecipesServiceImpl insert() @94 - insert:{"_index":"recipes","_type":"item","_id":"1","_version":1,"result":"created","_shards":{"total":2,"successful":1,"failed":0},"created":true}
2018.08.01 at 16:34:10 CST INFO  com.quick.es.service.impl.RecipesServiceImpl insert() @96 - insert:{"_index":"recipes","_type":"item","_id":"2","_version":1,"result":"created","_shards":{"total":2,"successful":1,"failed":0},"created":true}
2018.08.01 at 16:34:10 CST INFO  com.quick.es.service.impl.RecipesServiceImpl insert() @98 - insert:{"_index":"recipes","_type":"item","_id":"3","_version":1,"result":"created","_shards":{"total":2,"successful":1,"failed":0},"created":true}
2018.08.01 at 16:34:10 CST INFO  com.quick.es.service.impl.RecipesServiceImpl insert() @100 - insert:{"_index":"recipes","_type":"item","_id":"4","_version":1,"result":"created","_shards":{"total":2,"successful":1,"failed":0},"created":true}
2018.08.01 at 16:34:10 CST INFO  com.quick.es.service.impl.RecipesServiceImpl insert() @102 - insert:{"_index":"recipes","_type":"item","_id":"5","_version":1,"result":"created","_shards":{"total":2,"successful":1,"failed":0},"created":true}
2018.08.01 at 16:34:10 CST INFO  com.quick.es.service.impl.RecipesServiceImpl insert() @104 - insert:{"_index":"recipes","_type":"item","_id":"6","_version":1,"result":"created","_shards":{"total":2,"successful":1,"failed":0},"created":true}
2018.08.01 at 16:34:10 CST INFO  com.quick.es.service.impl.RecipesServiceImpl insert() @106 - insert:{"_index":"recipes","_type":"item","_id":"7","_version":1,"result":"created","_shards":{"total":2,"successful":1,"failed":0},"created":true}
2018.08.01 at 16:34:10 CST INFO  com.quick.es.service.impl.RecipesServiceImpl insert() @108 - insert:{"_index":"recipes","_type":"item","_id":"8","_version":1,"result":"created","_shards":{"total":2,"successful":1,"failed":0},"created":true}
2018.08.01 at 16:34:10 CST INFO  com.quick.es.service.impl.RecipesServiceImpl insert() @110 - insert:{"_index":"recipes","_type":"item","_id":"9","_version":1,"result":"created","_shards":{"total":2,"successful":1,"failed":0},"created":true}
2018.08.01 at 16:34:10 CST INFO  org.springframework.boot.StartupInfoLogger logStarted() @57 - Started Application in 7.502 seconds (JVM running for 8.535)
2018.08.01 at 16:35:47 CST INFO  org.springframework.boot.StartupInfoLogger logStarting() @48 - Starting Application on DESKTOP-1H6DBVK with PID 42108 (D:\githubspace\elasticsearch-quick\target\classes started by vector in D:\githubspace\elasticsearch-quick)
2018.08.01 at 16:35:47 CST INFO  org.springframework.boot.SpringApplication logStartupProfileInfo() @593 - No active profile set, falling back to default profiles: default
2018.08.01 at 16:35:47 CST INFO  org.springframework.context.support.AbstractApplicationContext prepareRefresh() @583 - Refreshing org.springframework.boot.context.embedded.AnnotationConfigEmbeddedWebApplicationContext@3f1d2e23: startup date [Wed Aug 01 16:35:47 CST 2018]; root of context hierarchy
2018.08.01 at 16:35:48 CST INFO  org.springframework.boot.context.embedded.tomcat.TomcatEmbeddedServletContainer initialize() @89 - Tomcat initialized with port(s): 6325 (http)
2018.08.01 at 16:35:48 CST INFO  org.apache.juli.logging.DirectJDKLog log() @180 - Starting service [Tomcat]
2018.08.01 at 16:35:48 CST INFO  org.apache.juli.logging.DirectJDKLog log() @180 - Starting Servlet Engine: Apache Tomcat/8.5.27
2018.08.01 at 16:35:48 CST INFO  org.apache.juli.logging.DirectJDKLog log() @180 - Initializing Spring embedded WebApplicationContext
2018.08.01 at 16:35:48 CST INFO  org.springframework.boot.context.embedded.EmbeddedWebApplicationContext prepareEmbeddedWebApplicationContext() @276 - Root WebApplicationContext: initialization completed in 1691 ms
2018.08.01 at 16:35:48 CST INFO  org.springframework.boot.web.servlet.ServletRegistrationBean onStartup() @190 - Mapping servlet: 'dispatcherServlet' to [/]
2018.08.01 at 16:35:48 CST INFO  org.springframework.boot.web.servlet.AbstractFilterRegistrationBean configure() @258 - Mapping filter: 'characterEncodingFilter' to: [/*]
2018.08.01 at 16:35:48 CST INFO  org.springframework.boot.web.servlet.AbstractFilterRegistrationBean configure() @258 - Mapping filter: 'hiddenHttpMethodFilter' to: [/*]
2018.08.01 at 16:35:48 CST INFO  org.springframework.boot.web.servlet.AbstractFilterRegistrationBean configure() @258 - Mapping filter: 'httpPutFormContentFilter' to: [/*]
2018.08.01 at 16:35:48 CST INFO  org.springframework.boot.web.servlet.AbstractFilterRegistrationBean configure() @258 - Mapping filter: 'requestContextFilter' to: [/*]
2018.08.01 at 16:35:49 CST INFO  io.searchbox.client.AbstractJestClient setServers() @56 - Setting server pool to a list of 1 servers: [http://120.55.168.18:8828]
2018.08.01 at 16:35:49 CST INFO  io.searchbox.client.JestClientFactory getConnectionManager() @223 - Using multi thread/connection supporting pooling connection manager
2018.08.01 at 16:35:49 CST INFO  io.searchbox.client.JestClientFactory getObject() @71 - Using custom GSON instance
2018.08.01 at 16:35:49 CST INFO  io.searchbox.client.JestClientFactory getObject() @86 - Node Discovery disabled...
2018.08.01 at 16:35:49 CST INFO  io.searchbox.client.JestClientFactory getObject() @98 - Idle connection reaping disabled...
2018.08.01 at 16:35:49 CST INFO  org.springframework.web.servlet.mvc.method.annotation.RequestMappingHandlerAdapter initControllerAdviceCache() @534 - Looking for @ControllerAdvice: org.springframework.boot.context.embedded.AnnotationConfigEmbeddedWebApplicationContext@3f1d2e23: startup date [Wed Aug 01 16:35:47 CST 2018]; root of context hierarchy
2018.08.01 at 16:35:50 CST INFO  org.springframework.web.servlet.handler.AbstractHandlerMethodMapping$MappingRegistry register() @543 - Mapped "{[/recipes/search],methods=[GET]}" onto public java.lang.String com.quick.es.controller.RecipesController.search(java.lang.String)
2018.08.01 at 16:35:50 CST INFO  org.springframework.web.servlet.handler.AbstractHandlerMethodMapping$MappingRegistry register() @543 - Mapped "{[/error]}" onto public org.springframework.http.ResponseEntity<java.util.Map<java.lang.String, java.lang.Object>> org.springframework.boot.autoconfigure.web.BasicErrorController.error(javax.servlet.http.HttpServletRequest)
2018.08.01 at 16:35:50 CST INFO  org.springframework.web.servlet.handler.AbstractHandlerMethodMapping$MappingRegistry register() @543 - Mapped "{[/error],produces=[text/html]}" onto public org.springframework.web.servlet.ModelAndView org.springframework.boot.autoconfigure.web.BasicErrorController.errorHtml(javax.servlet.http.HttpServletRequest,javax.servlet.http.HttpServletResponse)
2018.08.01 at 16:35:50 CST INFO  org.springframework.web.servlet.handler.AbstractUrlHandlerMapping registerHandler() @362 - Mapped URL path [/webjars/**] onto handler of type [class org.springframework.web.servlet.resource.ResourceHttpRequestHandler]
2018.08.01 at 16:35:50 CST INFO  org.springframework.web.servlet.handler.AbstractUrlHandlerMapping registerHandler() @362 - Mapped URL path [/**] onto handler of type [class org.springframework.web.servlet.resource.ResourceHttpRequestHandler]
2018.08.01 at 16:35:50 CST INFO  org.springframework.web.servlet.handler.AbstractUrlHandlerMapping registerHandler() @362 - Mapped URL path [/**/favicon.ico] onto handler of type [class org.springframework.web.servlet.resource.ResourceHttpRequestHandler]
2018.08.01 at 16:35:50 CST INFO  org.elasticsearch.node.Node <init>() @149 - [Taurus] version[2.4.6], pid[42108], build[5376dca/2017-07-18T12:17:44Z]
2018.08.01 at 16:35:50 CST INFO  org.elasticsearch.node.Node <init>() @151 - [Taurus] initializing ...
2018.08.01 at 16:35:50 CST INFO  org.elasticsearch.plugins.PluginsService <init>() @180 - [Taurus] modules [], plugins [], sites []
2018.08.01 at 16:35:50 CST INFO  org.elasticsearch.env.NodeEnvironment maybeLogPathDetails() @290 - [Taurus] using [1] data paths, mounts [[新加卷 (D:)]], net usable_space [8.6gb], net total_space [32.8gb], spins? [unknown], types [NTFS]
2018.08.01 at 16:35:50 CST INFO  org.elasticsearch.env.NodeEnvironment maybeLogHeapDetails() @305 - [Taurus] heap size [3.5gb], compressed ordinary object pointers [true]
2018.08.01 at 16:35:52 CST INFO  org.elasticsearch.node.Node <init>() @225 - [Taurus] initialized
2018.08.01 at 16:35:52 CST INFO  org.elasticsearch.node.Node start() @251 - [Taurus] starting ...
2018.08.01 at 16:35:52 CST INFO  org.elasticsearch.transport.TransportService doStart() @184 - [Taurus] publish_address {local[1]}, bound_addresses {local[1]}
2018.08.01 at 16:35:52 CST INFO  org.elasticsearch.discovery.DiscoveryService doStart() @86 - [Taurus] elasticsearch/M7-umqNAQOWYHlpweUhGjA
2018.08.01 at 16:35:52 CST INFO  org.elasticsearch.cluster.service.InternalClusterService runTasksForExecutor() @592 - [Taurus] new_master {Taurus}{M7-umqNAQOWYHlpweUhGjA}{local}{local[1]}{local=true}, reason: local-disco-initial_connect(master)
2018.08.01 at 16:35:52 CST INFO  org.elasticsearch.node.Node start() @300 - [Taurus] started
2018.08.01 at 16:35:52 CST INFO  org.elasticsearch.gateway.GatewayService$GatewayRecoveryListener$1 clusterStateProcessed() @268 - [Taurus] recovered [0] indices into cluster_state
2018.08.01 at 16:35:52 CST INFO  org.springframework.jmx.export.MBeanExporter afterSingletonsInstantiated() @431 - Registering beans for JMX exposure on startup
2018.08.01 at 16:35:52 CST INFO  org.springframework.boot.context.embedded.tomcat.TomcatEmbeddedServletContainer start() @201 - Tomcat started on port(s): 6325 (http)
2018.08.01 at 16:35:53 CST INFO  com.quick.es.service.impl.RecipesServiceImpl createIndex() @42 - create index resp: {"error":{"root_cause":[{"type":"index_already_exists_exception","reason":"index [recipes/ACeZlEKRQ6KW_UEFPZyQKw] already exists","index_uuid":"ACeZlEKRQ6KW_UEFPZyQKw","index":"recipes"}],"type":"index_already_exists_exception","reason":"index [recipes/ACeZlEKRQ6KW_UEFPZyQKw] already exists","index_uuid":"ACeZlEKRQ6KW_UEFPZyQKw","index":"recipes"},"status":400}
2018.08.01 at 16:35:53 CST INFO  com.quick.es.service.impl.RecipesServiceImpl createIndexMapping() @55 - source:{"item": {"properties": {"name": {"type": "text"}, "rating": {"type": "float"}, "type": {"type": "keyword"} } } }
2018.08.01 at 16:35:53 CST INFO  com.quick.es.service.impl.RecipesServiceImpl createIndexMapping() @59 - createIndexMapping resp: {"acknowledged":true}
2018.08.01 at 16:35:53 CST INFO  com.quick.es.service.impl.RecipesServiceImpl insert() @92 - insert:{"_index":"recipes","_type":"item","_id":"0","_version":2,"result":"updated","_shards":{"total":2,"successful":1,"failed":0},"created":false}
2018.08.01 at 16:35:53 CST INFO  com.quick.es.service.impl.RecipesServiceImpl insert() @94 - insert:{"_index":"recipes","_type":"item","_id":"1","_version":2,"result":"updated","_shards":{"total":2,"successful":1,"failed":0},"created":false}
2018.08.01 at 16:35:53 CST INFO  com.quick.es.service.impl.RecipesServiceImpl insert() @96 - insert:{"_index":"recipes","_type":"item","_id":"2","_version":2,"result":"updated","_shards":{"total":2,"successful":1,"failed":0},"created":false}
2018.08.01 at 16:35:53 CST INFO  com.quick.es.service.impl.RecipesServiceImpl insert() @98 - insert:{"_index":"recipes","_type":"item","_id":"3","_version":2,"result":"updated","_shards":{"total":2,"successful":1,"failed":0},"created":false}
2018.08.01 at 16:35:53 CST INFO  com.quick.es.service.impl.RecipesServiceImpl insert() @100 - insert:{"_index":"recipes","_type":"item","_id":"4","_version":2,"result":"updated","_shards":{"total":2,"successful":1,"failed":0},"created":false}
2018.08.01 at 16:35:53 CST INFO  com.quick.es.service.impl.RecipesServiceImpl insert() @102 - insert:{"_index":"recipes","_type":"item","_id":"5","_version":2,"result":"updated","_shards":{"total":2,"successful":1,"failed":0},"created":false}
2018.08.01 at 16:35:53 CST INFO  com.quick.es.service.impl.RecipesServiceImpl insert() @104 - insert:{"_index":"recipes","_type":"item","_id":"6","_version":2,"result":"updated","_shards":{"total":2,"successful":1,"failed":0},"created":false}
2018.08.01 at 16:35:53 CST INFO  com.quick.es.service.impl.RecipesServiceImpl insert() @106 - insert:{"_index":"recipes","_type":"item","_id":"7","_version":2,"result":"updated","_shards":{"total":2,"successful":1,"failed":0},"created":false}
2018.08.01 at 16:35:53 CST INFO  com.quick.es.service.impl.RecipesServiceImpl insert() @108 - insert:{"_index":"recipes","_type":"item","_id":"8","_version":2,"result":"updated","_shards":{"total":2,"successful":1,"failed":0},"created":false}
2018.08.01 at 16:35:53 CST INFO  com.quick.es.service.impl.RecipesServiceImpl insert() @110 - insert:{"_index":"recipes","_type":"item","_id":"9","_version":2,"result":"updated","_shards":{"total":2,"successful":1,"failed":0},"created":false}
2018.08.01 at 16:35:53 CST INFO  org.springframework.boot.StartupInfoLogger logStarted() @57 - Started Application in 7.313 seconds (JVM running for 8.263)
2018.08.01 at 16:36:20 CST INFO  org.springframework.boot.StartupInfoLogger logStarting() @48 - Starting Application on DESKTOP-1H6DBVK with PID 4296 (D:\githubspace\elasticsearch-quick\target\classes started by vector in D:\githubspace\elasticsearch-quick)
2018.08.01 at 16:36:20 CST INFO  org.springframework.boot.SpringApplication logStartupProfileInfo() @593 - No active profile set, falling back to default profiles: default
2018.08.01 at 16:36:20 CST INFO  org.springframework.context.support.AbstractApplicationContext prepareRefresh() @583 - Refreshing org.springframework.boot.context.embedded.AnnotationConfigEmbeddedWebApplicationContext@3f1d2e23: startup date [Wed Aug 01 16:36:20 CST 2018]; root of context hierarchy
2018.08.01 at 16:36:23 CST INFO  org.springframework.boot.context.embedded.tomcat.TomcatEmbeddedServletContainer initialize() @89 - Tomcat initialized with port(s): 6325 (http)
2018.08.01 at 16:36:23 CST INFO  org.apache.juli.logging.DirectJDKLog log() @180 - Starting service [Tomcat]
2018.08.01 at 16:36:23 CST INFO  org.apache.juli.logging.DirectJDKLog log() @180 - Starting Servlet Engine: Apache Tomcat/8.5.27
2018.08.01 at 16:36:23 CST INFO  org.apache.juli.logging.DirectJDKLog log() @180 - Initializing Spring embedded WebApplicationContext
2018.08.01 at 16:36:23 CST INFO  org.springframework.boot.context.embedded.EmbeddedWebApplicationContext prepareEmbeddedWebApplicationContext() @276 - Root WebApplicationContext: initialization completed in 2735 ms
2018.08.01 at 16:36:23 CST INFO  org.springframework.boot.web.servlet.ServletRegistrationBean onStartup() @190 - Mapping servlet: 'dispatcherServlet' to [/]
2018.08.01 at 16:36:23 CST INFO  org.springframework.boot.web.servlet.AbstractFilterRegistrationBean configure() @258 - Mapping filter: 'characterEncodingFilter' to: [/*]
2018.08.01 at 16:36:23 CST INFO  org.springframework.boot.web.servlet.AbstractFilterRegistrationBean configure() @258 - Mapping filter: 'hiddenHttpMethodFilter' to: [/*]
2018.08.01 at 16:36:23 CST INFO  org.springframework.boot.web.servlet.AbstractFilterRegistrationBean configure() @258 - Mapping filter: 'httpPutFormContentFilter' to: [/*]
2018.08.01 at 16:36:23 CST INFO  org.springframework.boot.web.servlet.AbstractFilterRegistrationBean configure() @258 - Mapping filter: 'requestContextFilter' to: [/*]
2018.08.01 at 16:36:24 CST INFO  io.searchbox.client.AbstractJestClient setServers() @56 - Setting server pool to a list of 1 servers: [http://120.55.168.18:8828]
2018.08.01 at 16:36:24 CST INFO  io.searchbox.client.JestClientFactory getConnectionManager() @223 - Using multi thread/connection supporting pooling connection manager
2018.08.01 at 16:36:24 CST INFO  io.searchbox.client.JestClientFactory getObject() @71 - Using custom GSON instance
2018.08.01 at 16:36:24 CST INFO  io.searchbox.client.JestClientFactory getObject() @86 - Node Discovery disabled...
2018.08.01 at 16:36:24 CST INFO  io.searchbox.client.JestClientFactory getObject() @98 - Idle connection reaping disabled...
2018.08.01 at 16:36:24 CST INFO  org.springframework.web.servlet.mvc.method.annotation.RequestMappingHandlerAdapter initControllerAdviceCache() @534 - Looking for @ControllerAdvice: org.springframework.boot.context.embedded.AnnotationConfigEmbeddedWebApplicationContext@3f1d2e23: startup date [Wed Aug 01 16:36:20 CST 2018]; root of context hierarchy
2018.08.01 at 16:36:24 CST INFO  org.springframework.web.servlet.handler.AbstractHandlerMethodMapping$MappingRegistry register() @543 - Mapped "{[/recipes/search],methods=[GET]}" onto public java.lang.String com.quick.es.controller.RecipesController.search(java.lang.String)
2018.08.01 at 16:36:24 CST INFO  org.springframework.web.servlet.handler.AbstractHandlerMethodMapping$MappingRegistry register() @543 - Mapped "{[/error]}" onto public org.springframework.http.ResponseEntity<java.util.Map<java.lang.String, java.lang.Object>> org.springframework.boot.autoconfigure.web.BasicErrorController.error(javax.servlet.http.HttpServletRequest)
2018.08.01 at 16:36:24 CST INFO  org.springframework.web.servlet.handler.AbstractHandlerMethodMapping$MappingRegistry register() @543 - Mapped "{[/error],produces=[text/html]}" onto public org.springframework.web.servlet.ModelAndView org.springframework.boot.autoconfigure.web.BasicErrorController.errorHtml(javax.servlet.http.HttpServletRequest,javax.servlet.http.HttpServletResponse)
2018.08.01 at 16:36:24 CST INFO  org.springframework.web.servlet.handler.AbstractUrlHandlerMapping registerHandler() @362 - Mapped URL path [/webjars/**] onto handler of type [class org.springframework.web.servlet.resource.ResourceHttpRequestHandler]
2018.08.01 at 16:36:24 CST INFO  org.springframework.web.servlet.handler.AbstractUrlHandlerMapping registerHandler() @362 - Mapped URL path [/**] onto handler of type [class org.springframework.web.servlet.resource.ResourceHttpRequestHandler]
2018.08.01 at 16:36:24 CST INFO  org.springframework.web.servlet.handler.AbstractUrlHandlerMapping registerHandler() @362 - Mapped URL path [/**/favicon.ico] onto handler of type [class org.springframework.web.servlet.resource.ResourceHttpRequestHandler]
2018.08.01 at 16:36:25 CST INFO  org.elasticsearch.node.Node <init>() @149 - [Ryder] version[2.4.6], pid[4296], build[5376dca/2017-07-18T12:17:44Z]
2018.08.01 at 16:36:25 CST INFO  org.elasticsearch.node.Node <init>() @151 - [Ryder] initializing ...
2018.08.01 at 16:36:25 CST INFO  org.elasticsearch.plugins.PluginsService <init>() @180 - [Ryder] modules [], plugins [], sites []
2018.08.01 at 16:36:25 CST INFO  org.elasticsearch.env.NodeEnvironment maybeLogPathDetails() @290 - [Ryder] using [1] data paths, mounts [[新加卷 (D:)]], net usable_space [8.6gb], net total_space [32.8gb], spins? [unknown], types [NTFS]
2018.08.01 at 16:36:25 CST INFO  org.elasticsearch.env.NodeEnvironment maybeLogHeapDetails() @305 - [Ryder] heap size [3.5gb], compressed ordinary object pointers [true]
2018.08.01 at 16:36:27 CST INFO  org.elasticsearch.node.Node <init>() @225 - [Ryder] initialized
2018.08.01 at 16:36:27 CST INFO  org.elasticsearch.node.Node start() @251 - [Ryder] starting ...
2018.08.01 at 16:36:27 CST INFO  org.elasticsearch.transport.TransportService doStart() @184 - [Ryder] publish_address {local[1]}, bound_addresses {local[1]}
2018.08.01 at 16:36:27 CST INFO  org.elasticsearch.discovery.DiscoveryService doStart() @86 - [Ryder] elasticsearch/WIIljW7vTl6TTv98fkXdpg
2018.08.01 at 16:36:27 CST INFO  org.elasticsearch.cluster.service.InternalClusterService runTasksForExecutor() @592 - [Ryder] new_master {Ryder}{WIIljW7vTl6TTv98fkXdpg}{local}{local[1]}{local=true}, reason: local-disco-initial_connect(master)
2018.08.01 at 16:36:27 CST INFO  org.elasticsearch.node.Node start() @300 - [Ryder] started
2018.08.01 at 16:36:27 CST INFO  org.elasticsearch.gateway.GatewayService$GatewayRecoveryListener$1 clusterStateProcessed() @268 - [Ryder] recovered [0] indices into cluster_state
2018.08.01 at 16:36:27 CST INFO  org.springframework.jmx.export.MBeanExporter afterSingletonsInstantiated() @431 - Registering beans for JMX exposure on startup
2018.08.01 at 16:36:27 CST INFO  org.springframework.boot.context.embedded.tomcat.TomcatEmbeddedServletContainer start() @201 - Tomcat started on port(s): 6325 (http)
2018.08.01 at 16:36:27 CST INFO  com.quick.es.service.impl.RecipesServiceImpl createIndex() @42 - create index resp: {"error":{"root_cause":[{"type":"index_already_exists_exception","reason":"index [recipes/ACeZlEKRQ6KW_UEFPZyQKw] already exists","index_uuid":"ACeZlEKRQ6KW_UEFPZyQKw","index":"recipes"}],"type":"index_already_exists_exception","reason":"index [recipes/ACeZlEKRQ6KW_UEFPZyQKw] already exists","index_uuid":"ACeZlEKRQ6KW_UEFPZyQKw","index":"recipes"},"status":400}
2018.08.01 at 16:36:27 CST INFO  com.quick.es.service.impl.RecipesServiceImpl createIndexMapping() @55 - source:{"item": {"properties": {"name": {"type": "text"}, "rating": {"type": "float"}, "type": {"type": "keyword"} } } }
2018.08.01 at 16:36:28 CST INFO  com.quick.es.service.impl.RecipesServiceImpl createIndexMapping() @59 - createIndexMapping resp: {"acknowledged":true}
2018.08.01 at 16:36:28 CST INFO  com.quick.es.service.impl.RecipesServiceImpl bulkInsert() @148 - bulkInsert resp: {"took":55,"errors":false,"items":[{"index":{"_index":"recipes","_type":"item","_id":"0","_version":3,"result":"updated","_shards":{"total":2,"successful":1,"failed":0},"created":false,"status":200}},{"index":{"_index":"recipes","_type":"item","_id":"1","_version":3,"result":"updated","_shards":{"total":2,"successful":1,"failed":0},"created":false,"status":200}},{"index":{"_index":"recipes","_type":"item","_id":"2","_version":3,"result":"updated","_shards":{"total":2,"successful":1,"failed":0},"created":false,"status":200}},{"index":{"_index":"recipes","_type":"item","_id":"3","_version":3,"result":"updated","_shards":{"total":2,"successful":1,"failed":0},"created":false,"status":200}},{"index":{"_index":"recipes","_type":"item","_id":"4","_version":3,"result":"updated","_shards":{"total":2,"successful":1,"failed":0},"created":false,"status":200}},{"index":{"_index":"recipes","_type":"item","_id":"5","_version":3,"result":"updated","_shards":{"total":2,"successful":1,"failed":0},"created":false,"status":200}},{"index":{"_index":"recipes","_type":"item","_id":"6","_version":3,"result":"updated","_shards":{"total":2,"successful":1,"failed":0},"created":false,"status":200}},{"index":{"_index":"recipes","_type":"item","_id":"7","_version":3,"result":"updated","_shards":{"total":2,"successful":1,"failed":0},"created":false,"status":200}},{"index":{"_index":"recipes","_type":"item","_id":"8","_version":3,"result":"updated","_shards":{"total":2,"successful":1,"failed":0},"created":false,"status":200}},{"index":{"_index":"recipes","_type":"item","_id":"9","_version":3,"result":"updated","_shards":{"total":2,"successful":1,"failed":0},"created":false,"status":200}}]}
2018.08.01 at 16:36:28 CST INFO  org.springframework.boot.StartupInfoLogger logStarted() @57 - Started Application in 8.541 seconds (JVM running for 10.403)
2018.08.01 at 16:57:22 CST INFO  org.apache.juli.logging.DirectJDKLog log() @180 - Initializing Spring FrameworkServlet 'dispatcherServlet'
2018.08.01 at 16:57:22 CST INFO  org.springframework.web.servlet.FrameworkServlet initServletBean() @489 - FrameworkServlet 'dispatcherServlet': initialization started
2018.08.01 at 16:57:22 CST INFO  org.springframework.web.servlet.FrameworkServlet initServletBean() @508 - FrameworkServlet 'dispatcherServlet': initialization completed in 45 ms
