2018-09-24 11:13:07.488 [main] INFO  mapper.BossJdInforMapperTest - Starting BossJdInforMapperTest on mac.local with PID 32113 (started by wangxc in /Users/wangxc/Code/Github/elasticsearch-quick)
2018-09-24 11:13:07.489 [main] INFO  mapper.BossJdInforMapperTest - No active profile set, falling back to default profiles: default
2018-09-24 11:13:07.542 [main] INFO  o.s.w.c.s.GenericWebApplicationContext - Refreshing org.springframework.web.context.support.GenericWebApplicationContext@239a307b: startup date [Mon Sep 24 11:13:07 CST 2018]; root of context hierarchy
2018-09-24 11:13:07.962 [background-preinit] INFO  o.h.validator.internal.util.Version - HV000001: Hibernate Validator 5.3.6.Final
2018-09-24 11:13:08.957 [main] INFO  o.s.c.s.PostProcessorRegistrationDelegate$BeanPostProcessorChecker - Bean 'org.springframework.transaction.annotation.ProxyTransactionManagementConfiguration' of type [org.springframework.transaction.annotation.ProxyTransactionManagementConfiguration$$EnhancerBySpringCGLIB$$6c9c5b64] is not eligible for getting processed by all BeanPostProcessors (for example: not eligible for auto-proxying)
2018-09-24 11:13:09.480 [main] INFO  i.s.client.AbstractJestClient - Setting server pool to a list of 1 servers: [http://localhost:9200]
2018-09-24 11:13:09.482 [main] INFO  i.searchbox.client.JestClientFactory - Using multi thread/connection supporting pooling connection manager
2018-09-24 11:13:09.561 [main] INFO  i.searchbox.client.JestClientFactory - Using custom GSON instance
2018-09-24 11:13:09.561 [main] INFO  i.searchbox.client.JestClientFactory - Node Discovery disabled...
2018-09-24 11:13:09.561 [main] INFO  i.searchbox.client.JestClientFactory - Idle connection reaping disabled...
2018-09-24 11:13:09.954 [main] INFO  o.s.w.s.m.m.a.RequestMappingHandlerMapping - Mapped "{[/search/termQuery],methods=[POST]}" onto public java.util.List<com.quick.es.entity.BossJdInfo> com.quick.es.controller.BossJdSearchController.termMatch(java.lang.String,java.lang.String)
2018-09-24 11:13:09.955 [main] INFO  o.s.w.s.m.m.a.RequestMappingHandlerMapping - Mapped "{[/search/matchQuery],methods=[POST]}" onto public java.util.List<com.quick.es.entity.BossJdInfo> com.quick.es.controller.BossJdSearchController.matchQuery(java.lang.String,java.lang.String)
2018-09-24 11:13:09.955 [main] INFO  o.s.w.s.m.m.a.RequestMappingHandlerMapping - Mapped "{[/search/booleanQuery],methods=[POST]}" onto public java.util.List<com.quick.es.entity.BossJdInfo> com.quick.es.controller.BossJdSearchController.booleanQuery(java.lang.String)
2018-09-24 11:13:09.958 [main] INFO  o.s.w.s.m.m.a.RequestMappingHandlerMapping - Mapped "{[/swagger-resources/configuration/ui]}" onto public org.springframework.http.ResponseEntity<springfox.documentation.swagger.web.UiConfiguration> springfox.documentation.swagger.web.ApiResourceController.uiConfiguration()
2018-09-24 11:13:09.958 [main] INFO  o.s.w.s.m.m.a.RequestMappingHandlerMapping - Mapped "{[/swagger-resources/configuration/security]}" onto public org.springframework.http.ResponseEntity<springfox.documentation.swagger.web.SecurityConfiguration> springfox.documentation.swagger.web.ApiResourceController.securityConfiguration()
2018-09-24 11:13:09.958 [main] INFO  o.s.w.s.m.m.a.RequestMappingHandlerMapping - Mapped "{[/swagger-resources]}" onto public org.springframework.http.ResponseEntity<java.util.List<springfox.documentation.swagger.web.SwaggerResource>> springfox.documentation.swagger.web.ApiResourceController.swaggerResources()
2018-09-24 11:13:09.962 [main] INFO  o.s.w.s.m.m.a.RequestMappingHandlerMapping - Mapped "{[/error]}" onto public org.springframework.http.ResponseEntity<java.util.Map<java.lang.String, java.lang.Object>> org.springframework.boot.autoconfigure.web.BasicErrorController.error(javax.servlet.http.HttpServletRequest)
2018-09-24 11:13:09.963 [main] INFO  o.s.w.s.m.m.a.RequestMappingHandlerMapping - Mapped "{[/error],produces=[text/html]}" onto public org.springframework.web.servlet.ModelAndView org.springframework.boot.autoconfigure.web.BasicErrorController.errorHtml(javax.servlet.http.HttpServletRequest,javax.servlet.http.HttpServletResponse)
2018-09-24 11:13:10.105 [main] INFO  s.d.s.w.PropertySourcedRequestMappingHandlerMapping - Mapped URL path [/v2/api-docs] onto method [public org.springframework.http.ResponseEntity<springfox.documentation.spring.web.json.Json> springfox.documentation.swagger2.web.Swagger2Controller.getDocumentation(java.lang.String,javax.servlet.http.HttpServletRequest)]
2018-09-24 11:13:10.611 [main] INFO  o.s.w.s.m.m.a.RequestMappingHandlerAdapter - Looking for @ControllerAdvice: org.springframework.web.context.support.GenericWebApplicationContext@239a307b: startup date [Mon Sep 24 11:13:07 CST 2018]; root of context hierarchy
2018-09-24 11:13:10.665 [main] INFO  o.s.w.s.h.SimpleUrlHandlerMapping - Mapped URL path [/webjars/**] onto handler of type [class org.springframework.web.servlet.resource.ResourceHttpRequestHandler]
2018-09-24 11:13:10.666 [main] INFO  o.s.w.s.h.SimpleUrlHandlerMapping - Mapped URL path [/**] onto handler of type [class org.springframework.web.servlet.resource.ResourceHttpRequestHandler]
2018-09-24 11:13:10.713 [main] INFO  o.s.w.s.h.SimpleUrlHandlerMapping - Mapped URL path [/**/favicon.ico] onto handler of type [class org.springframework.web.servlet.resource.ResourceHttpRequestHandler]
2018-09-24 11:13:11.327 [main] INFO  org.elasticsearch.node - [Mordred] version[2.4.6], pid[32113], build[5376dca/2017-07-18T12:17:44Z]
2018-09-24 11:13:11.328 [main] INFO  org.elasticsearch.node - [Mordred] initializing ...
2018-09-24 11:13:11.332 [main] INFO  org.elasticsearch.plugins - [Mordred] modules [], plugins [], sites []
2018-09-24 11:13:11.367 [main] INFO  org.elasticsearch.env - [Mordred] using [1] data paths, mounts [[/ (/dev/disk1s1)]], net usable_space [139.9gb], net total_space [233.5gb], spins? [unknown], types [apfs]
2018-09-24 11:13:11.367 [main] INFO  org.elasticsearch.env - [Mordred] heap size [3.5gb], compressed ordinary object pointers [true]
2018-09-24 11:13:11.369 [main] WARN  org.elasticsearch.env - [Mordred] max file descriptors [10240] for elasticsearch process likely too low, consider increasing to at least [65536]
2018-09-24 11:13:12.850 [main] INFO  org.elasticsearch.node - [Mordred] initialized
2018-09-24 11:13:12.851 [main] INFO  org.elasticsearch.node - [Mordred] starting ...
2018-09-24 11:13:12.853 [main] INFO  org.elasticsearch.transport - [Mordred] publish_address {local[1]}, bound_addresses {local[1]}
2018-09-24 11:13:12.855 [main] INFO  org.elasticsearch.discovery - [Mordred] elasticsearch/CSQVWQPTR1yo_tgIXw9Ouw
2018-09-24 11:13:12.862 [elasticsearch[Mordred][clusterService#updateTask][T#1]] INFO  org.elasticsearch.cluster.service - [Mordred] new_master {Mordred}{CSQVWQPTR1yo_tgIXw9Ouw}{local}{local[1]}{local=true}, reason: local-disco-initial_connect(master)
2018-09-24 11:13:12.868 [main] INFO  org.elasticsearch.node - [Mordred] started
2018-09-24 11:13:12.905 [elasticsearch[Mordred][clusterService#updateTask][T#1]] INFO  org.elasticsearch.gateway - [Mordred] recovered [0] indices into cluster_state
2018-09-24 11:13:13.085 [main] INFO  o.s.c.s.DefaultLifecycleProcessor - Starting beans in phase 2147483647
2018-09-24 11:13:13.090 [main] INFO  s.d.s.w.p.DocumentationPluginsBootstrapper - Context refreshed
2018-09-24 11:13:13.127 [main] INFO  s.d.s.w.p.DocumentationPluginsBootstrapper - Found 1 custom documentation plugin(s)
2018-09-24 11:13:13.176 [main] INFO  s.d.s.w.s.ApiListingReferenceScanner - Scanning for api listing references
2018-09-24 11:13:13.549 [main] ERROR com.quick.es.service.EsService - create index fail. msg:Could not connect to http://localhost:9200
2018-09-24 11:13:13.550 [main] INFO  com.quick.es.service.EsService - source:{"job_detail":{"properties":{"id":{"type":"long"},"name4KeyWord":{"type":"keyword"},"name4Standard":{"type":"text"},"name4IK":{"type":"text","analyzer":"ik_smart","search_analyzer":"ik_smart"},"rating":{"type":"float"},"type":{"type":"keyword"}}}}
2018-09-24 11:13:13.551 [main] ERROR com.quick.es.service.EsService - createIndexMapping fail. msg:Could not connect to http://localhost:9200
2018-09-24 11:13:13.552 [main] INFO  mapper.BossJdInforMapperTest - Started BossJdInforMapperTest in 6.626 seconds (JVM running for 7.351)
2018-09-24 11:13:14.520 [Thread-2] INFO  o.s.w.c.s.GenericWebApplicationContext - Closing org.springframework.web.context.support.GenericWebApplicationContext@239a307b: startup date [Mon Sep 24 11:13:07 CST 2018]; root of context hierarchy
2018-09-24 11:13:14.523 [Thread-2] INFO  o.s.c.s.DefaultLifecycleProcessor - Stopping beans in phase 2147483647
2018-09-24 11:13:14.525 [Thread-2] INFO  o.s.b.a.d.e.ElasticsearchAutoConfiguration - Closing Elasticsearch client
2018-09-24 11:13:14.525 [Thread-2] INFO  org.elasticsearch.node - [Mordred] stopping ...
2018-09-24 11:13:14.528 [Thread-2] INFO  org.elasticsearch.node - [Mordred] stopped
2018-09-24 11:13:14.528 [Thread-2] INFO  org.elasticsearch.node - [Mordred] closing ...
2018-09-24 11:13:14.538 [Thread-2] INFO  org.elasticsearch.node - [Mordred] closed
2018-09-24 11:14:19.981 [main] INFO  mapper.BossJdInforMapperTest - Starting BossJdInforMapperTest on mac.local with PID 32138 (started by wangxc in /Users/wangxc/Code/Github/elasticsearch-quick)
2018-09-24 11:14:19.986 [main] INFO  mapper.BossJdInforMapperTest - No active profile set, falling back to default profiles: default
2018-09-24 11:14:20.034 [main] INFO  o.s.w.c.s.GenericWebApplicationContext - Refreshing org.springframework.web.context.support.GenericWebApplicationContext@239a307b: startup date [Mon Sep 24 11:14:20 CST 2018]; root of context hierarchy
2018-09-24 11:14:20.401 [background-preinit] INFO  o.h.validator.internal.util.Version - HV000001: Hibernate Validator 5.3.6.Final
2018-09-24 11:14:21.504 [main] INFO  o.s.c.s.PostProcessorRegistrationDelegate$BeanPostProcessorChecker - Bean 'org.springframework.transaction.annotation.ProxyTransactionManagementConfiguration' of type [org.springframework.transaction.annotation.ProxyTransactionManagementConfiguration$$EnhancerBySpringCGLIB$$6b907b7f] is not eligible for getting processed by all BeanPostProcessors (for example: not eligible for auto-proxying)
2018-09-24 11:14:21.930 [main] INFO  i.s.client.AbstractJestClient - Setting server pool to a list of 1 servers: [http://localhost:9200]
2018-09-24 11:14:21.933 [main] INFO  i.searchbox.client.JestClientFactory - Using multi thread/connection supporting pooling connection manager
2018-09-24 11:14:22.025 [main] INFO  i.searchbox.client.JestClientFactory - Using custom GSON instance
2018-09-24 11:14:22.025 [main] INFO  i.searchbox.client.JestClientFactory - Node Discovery disabled...
2018-09-24 11:14:22.025 [main] INFO  i.searchbox.client.JestClientFactory - Idle connection reaping disabled...
2018-09-24 11:14:22.460 [main] INFO  o.s.w.s.m.m.a.RequestMappingHandlerMapping - Mapped "{[/search/termQuery],methods=[POST]}" onto public java.util.List<com.quick.es.entity.BossJdInfo> com.quick.es.controller.BossJdSearchController.termMatch(java.lang.String,java.lang.String)
2018-09-24 11:14:22.461 [main] INFO  o.s.w.s.m.m.a.RequestMappingHandlerMapping - Mapped "{[/search/matchQuery],methods=[POST]}" onto public java.util.List<com.quick.es.entity.BossJdInfo> com.quick.es.controller.BossJdSearchController.matchQuery(java.lang.String,java.lang.String)
2018-09-24 11:14:22.462 [main] INFO  o.s.w.s.m.m.a.RequestMappingHandlerMapping - Mapped "{[/search/booleanQuery],methods=[POST]}" onto public java.util.List<com.quick.es.entity.BossJdInfo> com.quick.es.controller.BossJdSearchController.booleanQuery(java.lang.String)
2018-09-24 11:14:22.465 [main] INFO  o.s.w.s.m.m.a.RequestMappingHandlerMapping - Mapped "{[/swagger-resources]}" onto public org.springframework.http.ResponseEntity<java.util.List<springfox.documentation.swagger.web.SwaggerResource>> springfox.documentation.swagger.web.ApiResourceController.swaggerResources()
2018-09-24 11:14:22.466 [main] INFO  o.s.w.s.m.m.a.RequestMappingHandlerMapping - Mapped "{[/swagger-resources/configuration/security]}" onto public org.springframework.http.ResponseEntity<springfox.documentation.swagger.web.SecurityConfiguration> springfox.documentation.swagger.web.ApiResourceController.securityConfiguration()
2018-09-24 11:14:22.466 [main] INFO  o.s.w.s.m.m.a.RequestMappingHandlerMapping - Mapped "{[/swagger-resources/configuration/ui]}" onto public org.springframework.http.ResponseEntity<springfox.documentation.swagger.web.UiConfiguration> springfox.documentation.swagger.web.ApiResourceController.uiConfiguration()
2018-09-24 11:14:22.470 [main] INFO  o.s.w.s.m.m.a.RequestMappingHandlerMapping - Mapped "{[/error]}" onto public org.springframework.http.ResponseEntity<java.util.Map<java.lang.String, java.lang.Object>> org.springframework.boot.autoconfigure.web.BasicErrorController.error(javax.servlet.http.HttpServletRequest)
2018-09-24 11:14:22.471 [main] INFO  o.s.w.s.m.m.a.RequestMappingHandlerMapping - Mapped "{[/error],produces=[text/html]}" onto public org.springframework.web.servlet.ModelAndView org.springframework.boot.autoconfigure.web.BasicErrorController.errorHtml(javax.servlet.http.HttpServletRequest,javax.servlet.http.HttpServletResponse)
2018-09-24 11:14:22.646 [main] INFO  s.d.s.w.PropertySourcedRequestMappingHandlerMapping - Mapped URL path [/v2/api-docs] onto method [public org.springframework.http.ResponseEntity<springfox.documentation.spring.web.json.Json> springfox.documentation.swagger2.web.Swagger2Controller.getDocumentation(java.lang.String,javax.servlet.http.HttpServletRequest)]
2018-09-24 11:14:23.152 [main] INFO  o.s.w.s.m.m.a.RequestMappingHandlerAdapter - Looking for @ControllerAdvice: org.springframework.web.context.support.GenericWebApplicationContext@239a307b: startup date [Mon Sep 24 11:14:20 CST 2018]; root of context hierarchy
2018-09-24 11:14:23.209 [main] INFO  o.s.w.s.h.SimpleUrlHandlerMapping - Mapped URL path [/webjars/**] onto handler of type [class org.springframework.web.servlet.resource.ResourceHttpRequestHandler]
2018-09-24 11:14:23.209 [main] INFO  o.s.w.s.h.SimpleUrlHandlerMapping - Mapped URL path [/**] onto handler of type [class org.springframework.web.servlet.resource.ResourceHttpRequestHandler]
2018-09-24 11:14:23.250 [main] INFO  o.s.w.s.h.SimpleUrlHandlerMapping - Mapped URL path [/**/favicon.ico] onto handler of type [class org.springframework.web.servlet.resource.ResourceHttpRequestHandler]
2018-09-24 11:14:23.902 [main] INFO  org.elasticsearch.node - [Living Pharaoh] version[2.4.6], pid[32138], build[5376dca/2017-07-18T12:17:44Z]
2018-09-24 11:14:23.902 [main] INFO  org.elasticsearch.node - [Living Pharaoh] initializing ...
2018-09-24 11:14:23.907 [main] INFO  org.elasticsearch.plugins - [Living Pharaoh] modules [], plugins [], sites []
2018-09-24 11:14:23.951 [main] INFO  org.elasticsearch.env - [Living Pharaoh] using [1] data paths, mounts [[/ (/dev/disk1s1)]], net usable_space [139.9gb], net total_space [233.5gb], spins? [unknown], types [apfs]
2018-09-24 11:14:23.952 [main] INFO  org.elasticsearch.env - [Living Pharaoh] heap size [3.5gb], compressed ordinary object pointers [true]
2018-09-24 11:14:23.954 [main] WARN  org.elasticsearch.env - [Living Pharaoh] max file descriptors [10240] for elasticsearch process likely too low, consider increasing to at least [65536]
2018-09-24 11:14:25.457 [main] INFO  org.elasticsearch.node - [Living Pharaoh] initialized
2018-09-24 11:14:25.458 [main] INFO  org.elasticsearch.node - [Living Pharaoh] starting ...
2018-09-24 11:14:25.460 [main] INFO  org.elasticsearch.transport - [Living Pharaoh] publish_address {local[1]}, bound_addresses {local[1]}
2018-09-24 11:14:25.463 [main] INFO  org.elasticsearch.discovery - [Living Pharaoh] elasticsearch/8rsU9CJeRdO2rK8_ztT-DQ
2018-09-24 11:14:25.470 [elasticsearch[Living Pharaoh][clusterService#updateTask][T#1]] INFO  org.elasticsearch.cluster.service - [Living Pharaoh] new_master {Living Pharaoh}{8rsU9CJeRdO2rK8_ztT-DQ}{local}{local[1]}{local=true}, reason: local-disco-initial_connect(master)
2018-09-24 11:14:25.477 [main] INFO  org.elasticsearch.node - [Living Pharaoh] started
2018-09-24 11:14:25.520 [elasticsearch[Living Pharaoh][clusterService#updateTask][T#1]] INFO  org.elasticsearch.gateway - [Living Pharaoh] recovered [0] indices into cluster_state
2018-09-24 11:14:25.703 [main] INFO  o.s.c.s.DefaultLifecycleProcessor - Starting beans in phase 2147483647
2018-09-24 11:14:25.704 [main] INFO  s.d.s.w.p.DocumentationPluginsBootstrapper - Context refreshed
2018-09-24 11:14:25.724 [main] INFO  s.d.s.w.p.DocumentationPluginsBootstrapper - Found 1 custom documentation plugin(s)
2018-09-24 11:14:25.772 [main] INFO  s.d.s.w.s.ApiListingReferenceScanner - Scanning for api listing references
2018-09-24 11:14:26.204 [main] ERROR com.quick.es.service.EsService - create index fail. msg:Could not connect to http://localhost:9200
2018-09-24 11:14:26.205 [main] INFO  com.quick.es.service.EsService - source:{"job_detail":{"properties":{"id":{"type":"long"},"name4KeyWord":{"type":"keyword"},"name4Standard":{"type":"text"},"name4IK":{"type":"text","analyzer":"ik_smart","search_analyzer":"ik_smart"},"rating":{"type":"float"},"type":{"type":"keyword"}}}}
2018-09-24 11:14:26.207 [main] ERROR com.quick.es.service.EsService - createIndexMapping fail. msg:Could not connect to http://localhost:9200
2018-09-24 11:14:26.208 [main] INFO  mapper.BossJdInforMapperTest - Started BossJdInforMapperTest in 6.888 seconds (JVM running for 7.637)
2018-09-24 11:14:26.699 [Thread-2] INFO  o.s.w.c.s.GenericWebApplicationContext - Closing org.springframework.web.context.support.GenericWebApplicationContext@239a307b: startup date [Mon Sep 24 11:14:20 CST 2018]; root of context hierarchy
2018-09-24 11:14:26.702 [Thread-2] INFO  o.s.c.s.DefaultLifecycleProcessor - Stopping beans in phase 2147483647
2018-09-24 11:14:26.705 [Thread-2] INFO  o.s.b.a.d.e.ElasticsearchAutoConfiguration - Closing Elasticsearch client
2018-09-24 11:14:26.706 [Thread-2] INFO  org.elasticsearch.node - [Living Pharaoh] stopping ...
2018-09-24 11:14:26.708 [Thread-2] INFO  org.elasticsearch.node - [Living Pharaoh] stopped
2018-09-24 11:14:26.709 [Thread-2] INFO  org.elasticsearch.node - [Living Pharaoh] closing ...
2018-09-24 11:14:26.714 [Thread-2] INFO  org.elasticsearch.node - [Living Pharaoh] closed
2018-09-24 13:47:09.288 [main] INFO  mapper.BossJdInforMapperTest - Starting BossJdInforMapperTest on mac.local with PID 32910 (started by wangxc in /Users/wangxc/Code/Github/elasticsearch-quick)
2018-09-24 13:47:09.289 [main] INFO  mapper.BossJdInforMapperTest - No active profile set, falling back to default profiles: default
2018-09-24 13:47:09.331 [main] INFO  o.s.w.c.s.GenericWebApplicationContext - Refreshing org.springframework.web.context.support.GenericWebApplicationContext@239a307b: startup date [Mon Sep 24 13:47:09 CST 2018]; root of context hierarchy
2018-09-24 13:47:09.743 [background-preinit] INFO  o.h.validator.internal.util.Version - HV000001: Hibernate Validator 5.3.6.Final
2018-09-24 13:47:10.721 [main] INFO  o.s.c.s.PostProcessorRegistrationDelegate$BeanPostProcessorChecker - Bean 'org.springframework.transaction.annotation.ProxyTransactionManagementConfiguration' of type [org.springframework.transaction.annotation.ProxyTransactionManagementConfiguration$$EnhancerBySpringCGLIB$$2f7d1d4e] is not eligible for getting processed by all BeanPostProcessors (for example: not eligible for auto-proxying)
2018-09-24 13:47:11.234 [main] INFO  i.s.client.AbstractJestClient - Setting server pool to a list of 1 servers: [http://localhost:9200]
2018-09-24 13:47:11.235 [main] INFO  i.searchbox.client.JestClientFactory - Using multi thread/connection supporting pooling connection manager
2018-09-24 13:47:11.348 [main] INFO  i.searchbox.client.JestClientFactory - Using custom GSON instance
2018-09-24 13:47:11.349 [main] INFO  i.searchbox.client.JestClientFactory - Node Discovery disabled...
2018-09-24 13:47:11.349 [main] INFO  i.searchbox.client.JestClientFactory - Idle connection reaping disabled...
2018-09-24 13:47:11.796 [main] INFO  o.s.w.s.m.m.a.RequestMappingHandlerMapping - Mapped "{[/search/termQuery],methods=[POST]}" onto public java.util.List<com.quick.es.entity.BossJdInfo> com.quick.es.controller.BossJdSearchController.termMatch(java.lang.String,java.lang.String)
2018-09-24 13:47:11.797 [main] INFO  o.s.w.s.m.m.a.RequestMappingHandlerMapping - Mapped "{[/search/matchQuery],methods=[POST]}" onto public java.util.List<com.quick.es.entity.BossJdInfo> com.quick.es.controller.BossJdSearchController.matchQuery(java.lang.String,java.lang.String)
2018-09-24 13:47:11.798 [main] INFO  o.s.w.s.m.m.a.RequestMappingHandlerMapping - Mapped "{[/search/booleanQuery],methods=[POST]}" onto public java.util.List<com.quick.es.entity.BossJdInfo> com.quick.es.controller.BossJdSearchController.booleanQuery(java.lang.String)
2018-09-24 13:47:11.801 [main] INFO  o.s.w.s.m.m.a.RequestMappingHandlerMapping - Mapped "{[/swagger-resources/configuration/ui]}" onto public org.springframework.http.ResponseEntity<springfox.documentation.swagger.web.UiConfiguration> springfox.documentation.swagger.web.ApiResourceController.uiConfiguration()
2018-09-24 13:47:11.801 [main] INFO  o.s.w.s.m.m.a.RequestMappingHandlerMapping - Mapped "{[/swagger-resources]}" onto public org.springframework.http.ResponseEntity<java.util.List<springfox.documentation.swagger.web.SwaggerResource>> springfox.documentation.swagger.web.ApiResourceController.swaggerResources()
2018-09-24 13:47:11.802 [main] INFO  o.s.w.s.m.m.a.RequestMappingHandlerMapping - Mapped "{[/swagger-resources/configuration/security]}" onto public org.springframework.http.ResponseEntity<springfox.documentation.swagger.web.SecurityConfiguration> springfox.documentation.swagger.web.ApiResourceController.securityConfiguration()
2018-09-24 13:47:11.806 [main] INFO  o.s.w.s.m.m.a.RequestMappingHandlerMapping - Mapped "{[/error]}" onto public org.springframework.http.ResponseEntity<java.util.Map<java.lang.String, java.lang.Object>> org.springframework.boot.autoconfigure.web.BasicErrorController.error(javax.servlet.http.HttpServletRequest)
2018-09-24 13:47:11.807 [main] INFO  o.s.w.s.m.m.a.RequestMappingHandlerMapping - Mapped "{[/error],produces=[text/html]}" onto public org.springframework.web.servlet.ModelAndView org.springframework.boot.autoconfigure.web.BasicErrorController.errorHtml(javax.servlet.http.HttpServletRequest,javax.servlet.http.HttpServletResponse)
2018-09-24 13:47:11.939 [main] INFO  s.d.s.w.PropertySourcedRequestMappingHandlerMapping - Mapped URL path [/v2/api-docs] onto method [public org.springframework.http.ResponseEntity<springfox.documentation.spring.web.json.Json> springfox.documentation.swagger2.web.Swagger2Controller.getDocumentation(java.lang.String,javax.servlet.http.HttpServletRequest)]
2018-09-24 13:47:12.507 [main] INFO  o.s.w.s.m.m.a.RequestMappingHandlerAdapter - Looking for @ControllerAdvice: org.springframework.web.context.support.GenericWebApplicationContext@239a307b: startup date [Mon Sep 24 13:47:09 CST 2018]; root of context hierarchy
2018-09-24 13:47:12.566 [main] INFO  o.s.w.s.h.SimpleUrlHandlerMapping - Mapped URL path [/webjars/**] onto handler of type [class org.springframework.web.servlet.resource.ResourceHttpRequestHandler]
2018-09-24 13:47:12.566 [main] INFO  o.s.w.s.h.SimpleUrlHandlerMapping - Mapped URL path [/**] onto handler of type [class org.springframework.web.servlet.resource.ResourceHttpRequestHandler]
2018-09-24 13:47:12.610 [main] INFO  o.s.w.s.h.SimpleUrlHandlerMapping - Mapped URL path [/**/favicon.ico] onto handler of type [class org.springframework.web.servlet.resource.ResourceHttpRequestHandler]
2018-09-24 13:47:13.292 [main] INFO  org.elasticsearch.node - [Machinesmith] version[2.4.6], pid[32910], build[5376dca/2017-07-18T12:17:44Z]
2018-09-24 13:47:13.292 [main] INFO  org.elasticsearch.node - [Machinesmith] initializing ...
2018-09-24 13:47:13.297 [main] INFO  org.elasticsearch.plugins - [Machinesmith] modules [], plugins [], sites []
2018-09-24 13:47:13.335 [main] INFO  org.elasticsearch.env - [Machinesmith] using [1] data paths, mounts [[/ (/dev/disk1s1)]], net usable_space [138.8gb], net total_space [233.5gb], spins? [unknown], types [apfs]
2018-09-24 13:47:13.336 [main] INFO  org.elasticsearch.env - [Machinesmith] heap size [3.5gb], compressed ordinary object pointers [true]
2018-09-24 13:47:13.337 [main] WARN  org.elasticsearch.env - [Machinesmith] max file descriptors [10240] for elasticsearch process likely too low, consider increasing to at least [65536]
2018-09-24 13:47:14.883 [main] INFO  org.elasticsearch.node - [Machinesmith] initialized
2018-09-24 13:47:14.883 [main] INFO  org.elasticsearch.node - [Machinesmith] starting ...
2018-09-24 13:47:14.885 [main] INFO  org.elasticsearch.transport - [Machinesmith] publish_address {local[1]}, bound_addresses {local[1]}
2018-09-24 13:47:14.888 [main] INFO  org.elasticsearch.discovery - [Machinesmith] elasticsearch/by4BkDptTJuS2gzSfLPINQ
2018-09-24 13:47:14.895 [elasticsearch[Machinesmith][clusterService#updateTask][T#1]] INFO  org.elasticsearch.cluster.service - [Machinesmith] new_master {Machinesmith}{by4BkDptTJuS2gzSfLPINQ}{local}{local[1]}{local=true}, reason: local-disco-initial_connect(master)
2018-09-24 13:47:14.902 [main] INFO  org.elasticsearch.node - [Machinesmith] started
2018-09-24 13:47:14.946 [elasticsearch[Machinesmith][clusterService#updateTask][T#1]] INFO  org.elasticsearch.gateway - [Machinesmith] recovered [0] indices into cluster_state
2018-09-24 13:47:15.157 [main] INFO  o.s.c.s.DefaultLifecycleProcessor - Starting beans in phase 2147483647
2018-09-24 13:47:15.157 [main] INFO  s.d.s.w.p.DocumentationPluginsBootstrapper - Context refreshed
2018-09-24 13:47:15.180 [main] INFO  s.d.s.w.p.DocumentationPluginsBootstrapper - Found 1 custom documentation plugin(s)
2018-09-24 13:47:15.220 [main] INFO  s.d.s.w.s.ApiListingReferenceScanner - Scanning for api listing references
2018-09-24 13:47:15.869 [main] INFO  com.quick.es.service.EsService - create index resp: {"acknowledged":true,"shards_acknowledged":true,"index":"boss_jd_info"}
2018-09-24 13:47:15.870 [main] INFO  mapper.BossJdInforMapperTest - Started BossJdInforMapperTest in 7.394 seconds (JVM running for 8.274)
2018-09-24 13:47:16.493 [Thread-2] INFO  o.s.w.c.s.GenericWebApplicationContext - Closing org.springframework.web.context.support.GenericWebApplicationContext@239a307b: startup date [Mon Sep 24 13:47:09 CST 2018]; root of context hierarchy
2018-09-24 13:47:16.495 [Thread-2] INFO  o.s.c.s.DefaultLifecycleProcessor - Stopping beans in phase 2147483647
2018-09-24 13:47:16.498 [Thread-2] INFO  o.s.b.a.d.e.ElasticsearchAutoConfiguration - Closing Elasticsearch client
2018-09-24 13:47:16.499 [Thread-2] INFO  org.elasticsearch.node - [Machinesmith] stopping ...
2018-09-24 13:47:16.501 [Thread-2] INFO  org.elasticsearch.node - [Machinesmith] stopped
2018-09-24 13:47:16.501 [Thread-2] INFO  org.elasticsearch.node - [Machinesmith] closing ...
2018-09-24 13:47:16.506 [Thread-2] INFO  org.elasticsearch.node - [Machinesmith] closed
